
SQL*Loader: Release 11.2.0.2.0 - Production on Fri Jan 18 00:07:23 2019

Copyright (c) 1982, 2009, Oracle and/or its affiliates.  All rights reserved.

Control File:   l.ctl
Data File:      /home/oracle/Desktop/projet/donnee/ficheRetour.csv
  Bad File:     ficheRetour.bad
  Discard File:  none specified
 
 (Allow all discards)

Number to load: ALL
Number to skip: 0
Errors allowed: 50
Bind array:     64 rows, maximum of 256000 bytes
Continuation:    none specified
Path used:      Conventional

Table FICHERETOUR, loaded from every logical record.
Insert option in effect for this table: APPEND

   Column Name                  Position   Len  Term Encl Datatype
------------------------------ ---------- ----- ---- ---- ---------------------
NOFICHERETOUR                       FIRST     *   ,       CHARACTER            
DATERETOURREEL                       NEXT     *   ,       CHARACTER            
KMRETOURREEL                         NEXT     *   ,       CHARACTER            
POURCENTAGEREPARATION                NEXT     *   ,       CHARACTER            
NBLITRESMANQUANTS                    NEXT     *   ,       CHARACTER            
CODEAGENCE                           NEXT     *   ,       CHARACTER            
NOPERMIS                             NEXT     *   ,       CHARACTER            
NOCONTRAT                            NEXT     *   ,       CHARACTER            

Record 1: Rejected - Error on table FICHERETOUR, column NOFICHERETOUR.
ORA-01722: invalid number


Table FICHERETOUR:
  33 Rows successfully loaded.
  1 Row not loaded due to data errors.
  0 Rows not loaded because all WHEN clauses were failed.
  0 Rows not loaded because all fields were null.


Space allocated for bind array:                 132096 bytes(64 rows)
Read   buffer bytes: 1048576

Total logical records skipped:          0
Total logical records read:            34
Total logical records rejected:         1
Total logical records discarded:        0

Run began on Fri Jan 18 00:07:23 2019
Run ended on Fri Jan 18 00:07:23 2019

Elapsed time was:     00:00:00.07
CPU time was:         00:00:00.00
